# JRE version: OpenJDK Runtime Environment (17.0.6) (build 17.0.6+0-b2043.56-9586694)
# Java VM: OpenJDK 64-Bit Server VM (17.0.6+0-b2043.56-9586694, mixed mode, tiered, compressed oops, compressed class ptrs, g1 gc, windows-amd64)
GC Precious Log:
 CPUs: 4 total, 4 available
 Memory: 3858M
 Large Page Support: Disabled
 NUMA Support: Disabled
 Compressed Oops: Enabled (32-bit)
 Heap Region Size: 1M
 Heap Min Capacity: 8M
 Heap Initial Capacity: 62M
 Heap Max Capacity: 2G
 Pre-touch: Disabled
 Parallel Workers: 4
 Concurrent Workers: 1
 Concurrent Refinement Workers: 4
 Periodic GC: Disabled
Heap:
 garbage-first heap   total 495616K, used 413882K [0x0000000080000000, 0x0000000100000000)
  region size 1024K, 164 young (167936K), 4 survivors (4096K)
 Metaspace       used 169936K, committed 171392K, reserved 1204224K
  class space    used 22111K, committed 22784K, reserved 1048576K
GC Heap History (20 events):
Event: 667.027 GC heap before
{Heap before GC invocations=74 (full 0):
 garbage-first heap   total 478208K, used 287970K [0x0000000080000000, 0x0000000100000000)
  region size 1024K, 37 young (37888K), 2 survivors (2048K)
 Metaspace       used 141238K, committed 142656K, reserved 1179648K
  class space    used 18292K, committed 18944K, reserved 1048576K
}
Event: 667.064 GC heap after
{Heap after GC invocations=75 (full 0):
 garbage-first heap   total 478208K, used 256371K [0x0000000080000000, 0x0000000100000000)
  region size 1024K, 4 young (4096K), 4 survivors (4096K)
 Metaspace       used 141238K, committed 142656K, reserved 1179648K
  class space    used 18292K, committed 18944K, reserved 1048576K
}
Event: 671.758 GC heap before
{Heap before GC invocations=76 (full 0):
 garbage-first heap   total 480256K, used 375191K [0x0000000080000000, 0x0000000100000000)
  region size 1024K, 127 young (130048K), 4 survivors (4096K)
 Metaspace       used 152268K, committed 153664K, reserved 1187840K
  class space    used 19963K, committed 20608K, reserved 1048576K
}
Event: 671.805 GC heap after
{Heap after GC invocations=77 (full 0):
 garbage-first heap   total 480256K, used 252779K [0x0000000080000000, 0x0000000100000000)
  region size 1024K, 13 young (13312K), 13 survivors (13312K)
 Metaspace       used 152268K, committed 153664K, reserved 1187840K
  class space    used 19963K, committed 20608K, reserved 1048576K
}
Event: 671.991 GC heap before
{Heap before GC invocations=77 (full 0):
 garbage-first heap   total 480256K, used 261995K [0x0000000080000000, 0x0000000100000000)
  region size 1024K, 23 young (23552K), 13 survivors (13312K)
 Metaspace       used 153570K, committed 155008K, reserved 1187840K
  class space    used 20158K, committed 20800K, reserved 1048576K
}
Event: 672.071 GC heap after
{Heap after GC invocations=78 (full 0):
 garbage-first heap   total 480256K, used 238640K [0x0000000080000000, 0x0000000100000000)
  region size 1024K, 2 young (2048K), 2 survivors (2048K)
 Metaspace       used 153570K, committed 155008K, reserved 1187840K
  class space    used 20158K, committed 20800K, reserved 1048576K
}
Event: 675.432 GC heap before
{Heap before GC invocations=78 (full 0):
 garbage-first heap   total 480256K, used 380976K [0x0000000080000000, 0x0000000100000000)
  region size 1024K, 139 young (142336K), 2 survivors (2048K)
 Metaspace       used 167051K, committed 168448K, reserved 1196032K
  class space    used 21828K, committed 22464K, reserved 1048576K
}
Event: 675.473 GC heap after
{Heap after GC invocations=79 (full 0):
 garbage-first heap   total 480256K, used 251099K [0x0000000080000000, 0x0000000100000000)
  region size 1024K, 13 young (13312K), 13 survivors (13312K)
 Metaspace       used 167051K, committed 168448K, reserved 1196032K
  class space    used 21828K, committed 22464K, reserved 1048576K
}
Event: 676.263 GC heap before
{Heap before GC invocations=79 (full 0):
 garbage-first heap   total 480256K, used 368859K [0x0000000080000000, 0x0000000100000000)
  region size 1024K, 128 young (131072K), 13 survivors (13312K)
 Metaspace       used 167058K, committed 168448K, reserved 1196032K
  class space    used 21828K, committed 22464K, reserved 1048576K
}
Event: 676.323 GC heap after
{Heap after GC invocations=80 (full 0):
 garbage-first heap   total 480256K, used 252997K [0x0000000080000000, 0x0000000100000000)
  region size 1024K, 2 young (2048K), 2 survivors (2048K)
 Metaspace       used 167058K, committed 168448K, reserved 1196032K
  class space    used 21828K, committed 22464K, reserved 1048576K
}
Event: 686.930 GC heap before
{Heap before GC invocations=80 (full 0):
 garbage-first heap   total 480256K, used 397381K [0x0000000080000000, 0x0000000100000000)
  region size 1024K, 144 young (147456K), 2 survivors (2048K)
 Metaspace       used 169867K, committed 171264K, reserved 1204224K
  class space    used 22125K, committed 22784K, reserved 1048576K
}
Event: 687.128 GC heap after
{Heap after GC invocations=81 (full 0):
 garbage-first heap   total 480256K, used 253992K [0x0000000080000000, 0x0000000100000000)
  region size 1024K, 5 young (5120K), 5 survivors (5120K)
 Metaspace       used 169867K, committed 171264K, reserved 1204224K
  class space    used 22125K, committed 22784K, reserved 1048576K
}
Event: 700.150 GC heap before
{Heap before GC invocations=82 (full 0):
 garbage-first heap   total 495616K, used 380845K [0x0000000080000000, 0x0000000100000000)
  region size 1024K, 131 young (134144K), 5 survivors (5120K)
 Metaspace       used 169885K, committed 171328K, reserved 1204224K
  class space    used 22111K, committed 22784K, reserved 1048576K
}
Event: 700.201 GC heap after
{Heap after GC invocations=83 (full 0):
 garbage-first heap   total 495616K, used 253137K [0x0000000080000000, 0x0000000100000000)
  region size 1024K, 6 young (6144K), 6 survivors (6144K)
 Metaspace       used 169885K, committed 171328K, reserved 1204224K
  class space    used 22111K, committed 22784K, reserved 1048576K
}
Event: 701.033 GC heap before
{Heap before GC invocations=83 (full 0):
 garbage-first heap   total 495616K, used 270545K [0x0000000080000000, 0x0000000100000000)
  region size 1024K, 24 young (24576K), 6 survivors (6144K)
 Metaspace       used 169887K, committed 171328K, reserved 1204224K
  class space    used 22111K, committed 22784K, reserved 1048576K
}
Event: 701.097 GC heap after
{Heap after GC invocations=84 (full 0):
 garbage-first heap   total 495616K, used 247350K [0x0000000080000000, 0x0000000100000000)
  region size 1024K, 2 young (2048K), 2 survivors (2048K)
 Metaspace       used 169887K, committed 171328K, reserved 1204224K
  class space    used 22111K, committed 22784K, reserved 1048576K
}
Event: 709.129 GC heap before
{Heap before GC invocations=84 (full 0):
 garbage-first heap   total 495616K, used 413238K [0x0000000080000000, 0x0000000100000000)
  region size 1024K, 165 young (168960K), 2 survivors (2048K)
 Metaspace       used 169923K, committed 171392K, reserved 1204224K
  class space    used 22111K, committed 22784K, reserved 1048576K
}
Event: 709.149 GC heap after
{Heap after GC invocations=85 (full 0):
 garbage-first heap   total 495616K, used 249531K [0x0000000080000000, 0x0000000100000000)
  region size 1024K, 4 young (4096K), 4 survivors (4096K)
 Metaspace       used 169923K, committed 171392K, reserved 1204224K
  class space    used 22111K, committed 22784K, reserved 1048576K
}
Event: 715.430 GC heap before
{Heap before GC invocations=85 (full 0):
 garbage-first heap   total 495616K, used 408251K [0x0000000080000000, 0x0000000100000000)
  region size 1024K, 161 young (164864K), 4 survivors (4096K)
 Metaspace       used 169934K, committed 171392K, reserved 1204224K
  class space    used 22111K, committed 22784K, reserved 1048576K
}
Event: 715.563 GC heap after
{Heap after GC invocations=86 (full 0):
 garbage-first heap   total 495616K, used 249018K [0x0000000080000000, 0x0000000100000000)
  region size 1024K, 4 young (4096K), 4 survivors (4096K)
 Metaspace       used 169934K, committed 171392K, reserved 1204224K
  class space    used 22111K, committed 22784K, reserved 1048576K
}

