# JRE version: OpenJDK Runtime Environment (17.0.6) (build 17.0.6+0-b2043.56-9586694)
# Java VM: OpenJDK 64-Bit Server VM (17.0.6+0-b2043.56-9586694, mixed mode, tiered, compressed oops, compressed class ptrs, g1 gc, windows-amd64)
GC Precious Log:
 CPUs: 4 total, 4 available
 Memory: 3858M
 Large Page Support: Disabled
 NUMA Support: Disabled
 Compressed Oops: Enabled (32-bit)
 Heap Region Size: 1M
 Heap Min Capacity: 8M
 Heap Initial Capacity: 62M
 Heap Max Capacity: 2G
 Pre-touch: Disabled
 Parallel Workers: 4
 Concurrent Workers: 1
 Concurrent Refinement Workers: 4
 Periodic GC: Disabled
Heap:
 garbage-first heap   total 440320K, used 242910K [0x0000000080000000, 0x0000000100000000)
  region size 1024K, 9 young (9216K), 9 survivors (9216K)
 Metaspace       used 152486K, committed 153728K, reserved 1187840K
  class space    used 19743K, committed 20352K, reserved 1048576K
GC Heap History (20 events):
Event: 582.513 GC heap after
{Heap after GC invocations=65 (full 0):
 garbage-first heap   total 440320K, used 223580K [0x0000000080000000, 0x0000000100000000)
  region size 1024K, 13 young (13312K), 13 survivors (13312K)
 Metaspace       used 136243K, committed 137280K, reserved 1171456K
  class space    used 17795K, committed 18304K, reserved 1048576K
}
Event: 586.412 GC heap before
{Heap before GC invocations=65 (full 0):
 garbage-first heap   total 440320K, used 381276K [0x0000000080000000, 0x0000000100000000)
  region size 1024K, 168 young (172032K), 13 survivors (13312K)
 Metaspace       used 138730K, committed 139840K, reserved 1171456K
  class space    used 18107K, committed 18624K, reserved 1048576K
}
Event: 586.460 GC heap after
{Heap after GC invocations=66 (full 0):
 garbage-first heap   total 440320K, used 227382K [0x0000000080000000, 0x0000000100000000)
  region size 1024K, 15 young (15360K), 15 survivors (15360K)
 Metaspace       used 138730K, committed 139840K, reserved 1171456K
  class space    used 18107K, committed 18624K, reserved 1048576K
}
Event: 587.384 GC heap before
{Heap before GC invocations=66 (full 0):
 garbage-first heap   total 440320K, used 378934K [0x0000000080000000, 0x0000000100000000)
  region size 1024K, 164 young (167936K), 15 survivors (15360K)
 Metaspace       used 138778K, committed 139840K, reserved 1171456K
  class space    used 18108K, committed 18624K, reserved 1048576K
}
Event: 587.423 GC heap after
{Heap after GC invocations=67 (full 0):
 garbage-first heap   total 440320K, used 228545K [0x0000000080000000, 0x0000000100000000)
  region size 1024K, 13 young (13312K), 13 survivors (13312K)
 Metaspace       used 138778K, committed 139840K, reserved 1171456K
  class space    used 18108K, committed 18624K, reserved 1048576K
}
Event: 591.707 GC heap before
{Heap before GC invocations=67 (full 0):
 garbage-first heap   total 440320K, used 381121K [0x0000000080000000, 0x0000000100000000)
  region size 1024K, 163 young (166912K), 13 survivors (13312K)
 Metaspace       used 138795K, committed 139840K, reserved 1171456K
  class space    used 18108K, committed 18624K, reserved 1048576K
}
Event: 592.833 GC heap after
{Heap after GC invocations=68 (full 0):
 garbage-first heap   total 440320K, used 228608K [0x0000000080000000, 0x0000000100000000)
  region size 1024K, 11 young (11264K), 11 survivors (11264K)
 Metaspace       used 138795K, committed 139840K, reserved 1171456K
  class space    used 18108K, committed 18624K, reserved 1048576K
}
Event: 593.139 GC heap before
{Heap before GC invocations=68 (full 0):
 garbage-first heap   total 440320K, used 237824K [0x0000000080000000, 0x0000000100000000)
  region size 1024K, 21 young (21504K), 11 survivors (11264K)
 Metaspace       used 138795K, committed 139840K, reserved 1171456K
  class space    used 18108K, committed 18624K, reserved 1048576K
}
Event: 594.522 GC heap after
{Heap after GC invocations=69 (full 0):
 garbage-first heap   total 440320K, used 230206K [0x0000000080000000, 0x0000000100000000)
  region size 1024K, 3 young (3072K), 3 survivors (3072K)
 Metaspace       used 138795K, committed 139840K, reserved 1171456K
  class space    used 18108K, committed 18624K, reserved 1048576K
}
Event: 595.182 GC heap before
{Heap before GC invocations=69 (full 0):
 garbage-first heap   total 440320K, used 247614K [0x0000000080000000, 0x0000000100000000)
  region size 1024K, 21 young (21504K), 3 survivors (3072K)
 Metaspace       used 138795K, committed 139840K, reserved 1171456K
  class space    used 18108K, committed 18624K, reserved 1048576K
}
Event: 595.186 GC heap after
{Heap after GC invocations=70 (full 0):
 garbage-first heap   total 440320K, used 229179K [0x0000000080000000, 0x0000000100000000)
  region size 1024K, 2 young (2048K), 2 survivors (2048K)
 Metaspace       used 138795K, committed 139840K, reserved 1171456K
  class space    used 18108K, committed 18624K, reserved 1048576K
}
Event: 597.812 GC heap before
{Heap before GC invocations=70 (full 0):
 garbage-first heap   total 440320K, used 309051K [0x0000000080000000, 0x0000000100000000)
  region size 1024K, 80 young (81920K), 2 survivors (2048K)
 Metaspace       used 138795K, committed 139840K, reserved 1171456K
  class space    used 18108K, committed 18624K, reserved 1048576K
}
Event: 597.818 GC heap after
{Heap after GC invocations=71 (full 0):
 garbage-first heap   total 440320K, used 229924K [0x0000000080000000, 0x0000000100000000)
  region size 1024K, 3 young (3072K), 3 survivors (3072K)
 Metaspace       used 138795K, committed 139840K, reserved 1171456K
  class space    used 18108K, committed 18624K, reserved 1048576K
}
Event: 601.539 GC heap before
{Heap before GC invocations=71 (full 0):
 garbage-first heap   total 440320K, used 312868K [0x0000000080000000, 0x0000000100000000)
  region size 1024K, 82 young (83968K), 3 survivors (3072K)
 Metaspace       used 140809K, committed 141824K, reserved 1179648K
  class space    used 18393K, committed 18880K, reserved 1048576K
}
Event: 601.546 GC heap after
{Heap after GC invocations=72 (full 0):
 garbage-first heap   total 440320K, used 230995K [0x0000000080000000, 0x0000000100000000)
  region size 1024K, 4 young (4096K), 4 survivors (4096K)
 Metaspace       used 140809K, committed 141824K, reserved 1179648K
  class space    used 18393K, committed 18880K, reserved 1048576K
}
Event: 605.899 GC heap before
{Heap before GC invocations=72 (full 0):
 garbage-first heap   total 440320K, used 308819K [0x0000000080000000, 0x0000000100000000)
  region size 1024K, 81 young (82944K), 4 survivors (4096K)
 Metaspace       used 144814K, committed 145920K, reserved 1179648K
  class space    used 18886K, committed 19392K, reserved 1048576K
}
Event: 605.934 GC heap after
{Heap after GC invocations=73 (full 0):
 garbage-first heap   total 440320K, used 234776K [0x0000000080000000, 0x0000000100000000)
  region size 1024K, 8 young (8192K), 8 survivors (8192K)
 Metaspace       used 144814K, committed 145920K, reserved 1179648K
  class space    used 18886K, committed 19392K, reserved 1048576K
}
Event: 606.243 GC heap before
{Heap before GC invocations=73 (full 0):
 garbage-first heap   total 440320K, used 247064K [0x0000000080000000, 0x0000000100000000)
  region size 1024K, 21 young (21504K), 8 survivors (8192K)
 Metaspace       used 144838K, committed 145920K, reserved 1179648K
  class space    used 18887K, committed 19392K, reserved 1048576K
}
Event: 606.403 GC heap after
{Heap after GC invocations=74 (full 0):
 garbage-first heap   total 440320K, used 235562K [0x0000000080000000, 0x0000000100000000)
  region size 1024K, 1 young (1024K), 1 survivors (1024K)
 Metaspace       used 144838K, committed 145920K, reserved 1179648K
  class space    used 18887K, committed 19392K, reserved 1048576K
}
Event: 993.039 GC heap before
{Heap before GC invocations=74 (full 0):
 garbage-first heap   total 440320K, used 380970K [0x0000000080000000, 0x0000000100000000)
  region size 1024K, 144 young (147456K), 1 survivors (1024K)
 Metaspace       used 152486K, committed 153728K, reserved 1187840K
  class space    used 19743K, committed 20352K, reserved 1048576K
}

